mode: set
github.com/krasis/krasis/internal/auditlog/model.go:30.52,32.2 1 0
github.com/krasis/krasis/internal/auditlog/model.go:34.141,35.14 1 0
github.com/krasis/krasis/internal/auditlog/model.go:35.14,37.3 1 0
github.com/krasis/krasis/internal/auditlog/model.go:38.2,38.28 1 0
github.com/krasis/krasis/internal/auditlog/model.go:38.28,40.3 1 0
github.com/krasis/krasis/internal/auditlog/model.go:41.2,47.18 5 0
github.com/krasis/krasis/internal/auditlog/model.go:47.18,51.3 3 0
github.com/krasis/krasis/internal/auditlog/model.go:52.2,52.18 1 0
github.com/krasis/krasis/internal/auditlog/model.go:52.18,56.3 3 0
github.com/krasis/krasis/internal/auditlog/model.go:57.2,57.21 1 0
github.com/krasis/krasis/internal/auditlog/model.go:57.21,61.3 3 0
github.com/krasis/krasis/internal/auditlog/model.go:62.2,62.19 1 0
github.com/krasis/krasis/internal/auditlog/model.go:62.19,66.3 3 0
github.com/krasis/krasis/internal/auditlog/model.go:68.2,70.79 3 0
github.com/krasis/krasis/internal/auditlog/model.go:70.79,72.3 1 0
github.com/krasis/krasis/internal/auditlog/model.go:74.2,78.16 4 0
github.com/krasis/krasis/internal/auditlog/model.go:78.16,80.3 1 0
github.com/krasis/krasis/internal/auditlog/model.go:81.2,84.18 3 0
github.com/krasis/krasis/internal/auditlog/model.go:84.18,86.185 2 0
github.com/krasis/krasis/internal/auditlog/model.go:86.185,88.4 1 0
github.com/krasis/krasis/internal/auditlog/model.go:89.3,89.27 1 0
github.com/krasis/krasis/internal/auditlog/model.go:91.2,91.17 1 0
github.com/krasis/krasis/internal/auditlog/model.go:91.17,93.3 1 0
github.com/krasis/krasis/internal/auditlog/model.go:94.2,94.32 1 0
github.com/krasis/krasis/internal/auditlog/model.go:97.71,103.2 2 0
github.com/krasis/krasis/internal/config/config.go:94.30,102.56 6 1
github.com/krasis/krasis/internal/config/config.go:102.56,104.3 1 1
github.com/krasis/krasis/internal/config/config.go:106.2,137.41 31 1
github.com/krasis/krasis/internal/config/config.go:137.41,138.56 1 1
github.com/krasis/krasis/internal/config/config.go:138.56,140.4 1 0
github.com/krasis/krasis/internal/config/config.go:144.2,145.42 2 1
github.com/krasis/krasis/internal/config/config.go:145.42,147.3 1 0
github.com/krasis/krasis/internal/config/config.go:149.2,149.18 1 1
github.com/krasis/krasis/internal/folder/handler.go:13.44,15.2 1 1
github.com/krasis/krasis/internal/folder/handler.go:17.47,21.16 3 1
github.com/krasis/krasis/internal/folder/handler.go:21.16,24.3 2 0
github.com/krasis/krasis/internal/folder/handler.go:26.2,26.46 1 1
github.com/krasis/krasis/internal/folder/handler.go:29.48,37.47 3 1
github.com/krasis/krasis/internal/folder/handler.go:37.47,40.3 2 1
github.com/krasis/krasis/internal/folder/handler.go:42.2,43.25 2 1
github.com/krasis/krasis/internal/folder/handler.go:43.25,45.17 2 1
github.com/krasis/krasis/internal/folder/handler.go:45.17,48.4 2 1
github.com/krasis/krasis/internal/folder/handler.go:49.3,49.17 1 0
github.com/krasis/krasis/internal/folder/handler.go:52.2,53.16 2 1
github.com/krasis/krasis/internal/folder/handler.go:53.16,56.3 2 0
github.com/krasis/krasis/internal/folder/handler.go:58.2,58.29 1 1
github.com/krasis/krasis/internal/folder/handler.go:61.48,64.16 3 1
github.com/krasis/krasis/internal/folder/handler.go:64.16,67.3 2 0
github.com/krasis/krasis/internal/folder/handler.go:69.2,75.47 2 1
github.com/krasis/krasis/internal/folder/handler.go:75.47,78.3 2 0
github.com/krasis/krasis/internal/folder/handler.go:80.2,81.25 2 1
github.com/krasis/krasis/internal/folder/handler.go:81.25,83.17 2 0
github.com/krasis/krasis/internal/folder/handler.go:83.17,86.4 2 0
github.com/krasis/krasis/internal/folder/handler.go:87.3,87.18 1 0
github.com/krasis/krasis/internal/folder/handler.go:90.2,90.103 1 1
github.com/krasis/krasis/internal/folder/handler.go:90.103,91.61 1 1
github.com/krasis/krasis/internal/folder/handler.go:91.61,94.4 2 1
github.com/krasis/krasis/internal/folder/handler.go:95.3,96.9 2 0
github.com/krasis/krasis/internal/folder/handler.go:99.2,99.26 1 0
github.com/krasis/krasis/internal/folder/handler.go:102.48,105.16 3 1
github.com/krasis/krasis/internal/folder/handler.go:105.16,108.3 2 0
github.com/krasis/krasis/internal/folder/handler.go:110.2,110.57 1 1
github.com/krasis/krasis/internal/folder/handler.go:110.57,111.31 1 1
github.com/krasis/krasis/internal/folder/handler.go:111.31,114.4 2 1
github.com/krasis/krasis/internal/folder/handler.go:115.3,116.9 2 0
github.com/krasis/krasis/internal/folder/handler.go:119.2,119.26 1 0
github.com/krasis/krasis/internal/folder/model.go:35.52,37.2 1 0
github.com/krasis/krasis/internal/folder/model.go:39.134,42.21 3 0
github.com/krasis/krasis/internal/folder/model.go:42.21,44.3 1 0
github.com/krasis/krasis/internal/folder/model.go:46.2,54.16 2 0
github.com/krasis/krasis/internal/folder/model.go:54.16,56.3 1 0
github.com/krasis/krasis/internal/folder/model.go:57.2,57.16 1 0
github.com/krasis/krasis/internal/folder/model.go:60.82,69.16 3 0
github.com/krasis/krasis/internal/folder/model.go:69.16,71.3 1 0
github.com/krasis/krasis/internal/folder/model.go:72.2,72.16 1 0
github.com/krasis/krasis/internal/folder/model.go:75.93,81.16 2 0
github.com/krasis/krasis/internal/folder/model.go:81.16,83.3 1 0
github.com/krasis/krasis/internal/folder/model.go:84.2,87.18 3 0
github.com/krasis/krasis/internal/folder/model.go:87.18,92.17 2 0
github.com/krasis/krasis/internal/folder/model.go:92.17,94.4 1 0
github.com/krasis/krasis/internal/folder/model.go:95.3,95.32 1 0
github.com/krasis/krasis/internal/folder/model.go:97.2,97.21 1 0
github.com/krasis/krasis/internal/folder/model.go:100.142,102.21 2 0
github.com/krasis/krasis/internal/folder/model.go:102.21,104.3 1 0
github.com/krasis/krasis/internal/folder/model.go:106.2,110.16 2 0
github.com/krasis/krasis/internal/folder/model.go:110.16,112.3 1 0
github.com/krasis/krasis/internal/folder/model.go:113.2,113.29 1 0
github.com/krasis/krasis/internal/folder/model.go:113.29,115.3 1 0
github.com/krasis/krasis/internal/folder/model.go:116.2,116.12 1 0
github.com/krasis/krasis/internal/folder/model.go:119.79,124.16 2 0
github.com/krasis/krasis/internal/folder/model.go:124.16,126.3 1 0
github.com/krasis/krasis/internal/folder/model.go:127.2,127.29 1 0
github.com/krasis/krasis/internal/folder/model.go:127.29,129.3 1 0
github.com/krasis/krasis/internal/folder/model.go:130.2,130.12 1 0
github.com/krasis/krasis/internal/folder/service.go:22.52,24.2 1 1
github.com/krasis/krasis/internal/folder/service.go:26.131,28.2 1 1
github.com/krasis/krasis/internal/folder/service.go:30.83,32.2 1 1
github.com/krasis/krasis/internal/folder/service.go:34.149,36.2 1 1
github.com/krasis/krasis/internal/folder/service.go:38.76,40.2 1 1
github.com/krasis/krasis/internal/group/model.go:35.52,37.2 1 0
github.com/krasis/krasis/internal/group/model.go:39.65,48.16 2 0
github.com/krasis/krasis/internal/group/model.go:48.16,50.3 1 0
github.com/krasis/krasis/internal/group/model.go:51.2,54.18 3 0
github.com/krasis/krasis/internal/group/model.go:54.18,57.121 3 0
github.com/krasis/krasis/internal/group/model.go:57.121,59.4 1 0
github.com/krasis/krasis/internal/group/model.go:60.3,60.22 1 0
github.com/krasis/krasis/internal/group/model.go:60.22,62.4 1 0
github.com/krasis/krasis/internal/group/model.go:63.3,63.29 1 0
github.com/krasis/krasis/internal/group/model.go:65.2,65.19 1 0
github.com/krasis/krasis/internal/group/model.go:65.19,67.3 1 0
github.com/krasis/krasis/internal/group/model.go:68.2,68.20 1 0
github.com/krasis/krasis/internal/group/model.go:71.81,83.16 5 0
github.com/krasis/krasis/internal/group/model.go:83.16,85.3 1 0
github.com/krasis/krasis/internal/group/model.go:86.2,87.21 2 0
github.com/krasis/krasis/internal/group/model.go:87.21,89.3 1 0
github.com/krasis/krasis/internal/group/model.go:90.2,90.16 1 0
github.com/krasis/krasis/internal/group/model.go:93.92,99.2 3 0
github.com/krasis/krasis/internal/group/model.go:101.96,106.2 2 0
github.com/krasis/krasis/internal/group/model.go:108.70,111.2 2 0
github.com/krasis/krasis/internal/group/model.go:113.98,116.16 2 0
github.com/krasis/krasis/internal/group/model.go:116.16,118.3 1 0
github.com/krasis/krasis/internal/group/model.go:119.2,122.18 3 0
github.com/krasis/krasis/internal/group/model.go:122.18,124.100 2 0
github.com/krasis/krasis/internal/group/model.go:124.100,126.4 1 0
github.com/krasis/krasis/internal/group/model.go:127.3,127.33 1 0
github.com/krasis/krasis/internal/group/model.go:129.2,129.21 1 0
github.com/krasis/krasis/internal/group/model.go:129.21,131.3 1 0
github.com/krasis/krasis/internal/group/model.go:132.2,132.22 1 0
github.com/krasis/krasis/internal/group/model.go:135.120,137.16 2 0
github.com/krasis/krasis/internal/group/model.go:137.16,139.3 1 0
github.com/krasis/krasis/internal/group/model.go:140.2,142.35 2 0
github.com/krasis/krasis/internal/group/model.go:142.35,148.17 2 0
github.com/krasis/krasis/internal/group/model.go:148.17,150.4 1 0
github.com/krasis/krasis/internal/group/model.go:152.2,152.23 1 0
github.com/krasis/krasis/internal/file/handler.go:23.56,25.2 1 1
github.com/krasis/krasis/internal/file/handler.go:27.49,32.38 4 1
github.com/krasis/krasis/internal/file/handler.go:32.38,35.3 2 1
github.com/krasis/krasis/internal/file/handler.go:37.2,38.42 2 1
github.com/krasis/krasis/internal/file/handler.go:38.42,40.17 2 1
github.com/krasis/krasis/internal/file/handler.go:40.17,42.4 1 1
github.com/krasis/krasis/internal/file/handler.go:45.2,46.16 2 1
github.com/krasis/krasis/internal/file/handler.go:46.16,49.3 2 0
github.com/krasis/krasis/internal/file/handler.go:51.2,51.29 1 1
github.com/krasis/krasis/internal/file/handler.go:54.49,60.47 2 1
github.com/krasis/krasis/internal/file/handler.go:60.47,63.3 2 1
github.com/krasis/krasis/internal/file/handler.go:65.2,66.16 2 1
github.com/krasis/krasis/internal/file/handler.go:66.16,69.3 2 1
github.com/krasis/krasis/internal/file/handler.go:71.2,71.59 1 1
github.com/krasis/krasis/internal/file/handler.go:71.59,74.3 2 1
github.com/krasis/krasis/internal/file/handler.go:76.2,76.26 1 1
github.com/krasis/krasis/internal/file/handler.go:79.46,81.16 2 1
github.com/krasis/krasis/internal/file/handler.go:81.16,84.3 2 1
github.com/krasis/krasis/internal/file/handler.go:86.2,86.56 1 1
github.com/krasis/krasis/internal/file/handler.go:86.56,87.29 1 1
github.com/krasis/krasis/internal/file/handler.go:87.29,90.4 2 1
github.com/krasis/krasis/internal/file/handler.go:91.3,92.9 2 0
github.com/krasis/krasis/internal/file/handler.go:95.2,95.26 1 1
github.com/krasis/krasis/internal/file/model.go:45.52,47.2 1 0
github.com/krasis/krasis/internal/file/model.go:49.68,58.2 1 0
github.com/krasis/krasis/internal/file/model.go:60.80,72.16 3 0
github.com/krasis/krasis/internal/file/model.go:72.16,74.3 1 0
github.com/krasis/krasis/internal/file/model.go:75.2,75.16 1 0
github.com/krasis/krasis/internal/file/model.go:78.89,85.16 2 0
github.com/krasis/krasis/internal/file/model.go:85.16,87.3 1 0
github.com/krasis/krasis/internal/file/model.go:88.2,91.18 3 0
github.com/krasis/krasis/internal/file/model.go:91.18,96.17 2 0
github.com/krasis/krasis/internal/file/model.go:96.17,98.4 1 0
github.com/krasis/krasis/internal/file/model.go:99.3,99.28 1 0
github.com/krasis/krasis/internal/file/model.go:101.2,101.19 1 0
github.com/krasis/krasis/internal/file/model.go:104.90,109.16 2 0
github.com/krasis/krasis/internal/file/model.go:109.16,111.3 1 0
github.com/krasis/krasis/internal/file/model.go:112.2,112.29 1 0
github.com/krasis/krasis/internal/file/model.go:112.29,114.3 1 0
github.com/krasis/krasis/internal/file/model.go:115.2,115.12 1 0
github.com/krasis/krasis/internal/file/model.go:118.70,120.16 2 0
github.com/krasis/krasis/internal/file/model.go:120.16,122.3 1 0
github.com/krasis/krasis/internal/file/model.go:123.2,123.29 1 0
github.com/krasis/krasis/internal/file/model.go:123.29,125.3 1 0
github.com/krasis/krasis/internal/file/model.go:126.2,126.12 1 0
github.com/krasis/krasis/internal/file/service.go:22.112,29.2 1 0
github.com/krasis/krasis/internal/file/service.go:31.96,36.16 2 0
github.com/krasis/krasis/internal/file/service.go:36.16,38.3 1 0
github.com/krasis/krasis/internal/file/service.go:39.2,39.20 1 0
github.com/krasis/krasis/internal/file/service.go:42.147,48.16 5 0
github.com/krasis/krasis/internal/file/service.go:48.16,50.3 1 0
github.com/krasis/krasis/internal/file/service.go:52.2,53.19 2 0
github.com/krasis/krasis/internal/file/service.go:53.19,55.3 1 0
github.com/krasis/krasis/internal/file/service.go:57.2,66.49 2 0
github.com/krasis/krasis/internal/file/service.go:66.49,68.3 1 0
github.com/krasis/krasis/internal/file/service.go:70.2,74.8 1 0
github.com/krasis/krasis/internal/file/service.go:77.78,79.2 1 0
github.com/krasis/krasis/internal/file/service.go:81.75,83.16 2 0
github.com/krasis/krasis/internal/file/service.go:83.16,85.3 1 0
github.com/krasis/krasis/internal/file/service.go:88.2,90.35 2 0
github.com/krasis/krasis/internal/file/service.go:93.86,95.2 1 0
github.com/krasis/krasis/internal/auth/handler.go:21.102,28.2 1 1
github.com/krasis/krasis/internal/auth/handler.go:31.47,35.16 3 1
github.com/krasis/krasis/internal/auth/handler.go:35.16,38.3 2 1
github.com/krasis/krasis/internal/auth/handler.go:40.2,40.35 1 1
github.com/krasis/krasis/internal/auth/handler.go:44.50,46.16 2 0
github.com/krasis/krasis/internal/auth/handler.go:46.16,49.3 2 0
github.com/krasis/krasis/internal/auth/handler.go:51.2,52.16 2 0
github.com/krasis/krasis/internal/auth/handler.go:52.16,55.3 2 0
github.com/krasis/krasis/internal/auth/handler.go:57.2,58.16 2 0
github.com/krasis/krasis/internal/auth/handler.go:58.16,61.3 2 0
github.com/krasis/krasis/internal/auth/handler.go:63.2,63.33 1 0
github.com/krasis/krasis/internal/auth/handler.go:67.47,71.16 3 1
github.com/krasis/krasis/internal/auth/handler.go:71.16,74.3 2 0
github.com/krasis/krasis/internal/auth/handler.go:76.2,76.35 1 1
github.com/krasis/krasis/internal/auth/handler.go:80.50,82.16 2 0
github.com/krasis/krasis/internal/auth/handler.go:82.16,85.3 2 0
github.com/krasis/krasis/internal/auth/handler.go:87.2,88.16 2 0
github.com/krasis/krasis/internal/auth/handler.go:88.16,91.3 2 0
github.com/krasis/krasis/internal/auth/handler.go:93.2,94.16 2 0
github.com/krasis/krasis/internal/auth/handler.go:94.16,97.3 2 0
github.com/krasis/krasis/internal/auth/handler.go:99.2,99.33 1 0
github.com/krasis/krasis/internal/auth/handler.go:102.72,106.16 2 0
github.com/krasis/krasis/internal/auth/handler.go:106.16,109.3 2 0
github.com/krasis/krasis/internal/auth/handler.go:111.2,112.16 2 0
github.com/krasis/krasis/internal/auth/handler.go:112.16,114.3 1 0
github.com/krasis/krasis/internal/auth/handler.go:116.2,121.16 3 0
github.com/krasis/krasis/internal/auth/handler.go:121.16,124.3 2 0
github.com/krasis/krasis/internal/auth/handler.go:126.2,127.16 2 0
github.com/krasis/krasis/internal/auth/handler.go:127.16,130.3 2 0
github.com/krasis/krasis/internal/auth/handler.go:132.2,146.4 1 0
github.com/krasis/krasis/internal/auth/handler.go:150.44,157.47 2 0
github.com/krasis/krasis/internal/auth/handler.go:157.47,160.3 2 0
github.com/krasis/krasis/internal/auth/handler.go:162.2,163.16 2 0
github.com/krasis/krasis/internal/auth/handler.go:163.16,165.44 1 0
github.com/krasis/krasis/internal/auth/handler.go:165.44,168.4 2 0
github.com/krasis/krasis/internal/auth/handler.go:169.3,169.42 1 0
github.com/krasis/krasis/internal/auth/handler.go:169.42,172.4 2 0
github.com/krasis/krasis/internal/auth/handler.go:173.3,174.9 2 0
github.com/krasis/krasis/internal/auth/handler.go:177.2,178.16 2 0
github.com/krasis/krasis/internal/auth/handler.go:178.16,180.3 1 0
github.com/krasis/krasis/internal/auth/handler.go:182.2,187.16 3 0
github.com/krasis/krasis/internal/auth/handler.go:187.16,190.3 2 0
github.com/krasis/krasis/internal/auth/handler.go:192.2,193.16 2 0
github.com/krasis/krasis/internal/auth/handler.go:193.16,196.3 2 0
github.com/krasis/krasis/internal/auth/handler.go:198.2,209.4 1 0
github.com/krasis/krasis/internal/auth/handler.go:213.41,218.47 2 0
github.com/krasis/krasis/internal/auth/handler.go:218.47,221.3 2 0
github.com/krasis/krasis/internal/auth/handler.go:223.2,224.16 2 0
github.com/krasis/krasis/internal/auth/handler.go:224.16,227.3 2 0
github.com/krasis/krasis/internal/auth/handler.go:229.2,230.16 2 0
github.com/krasis/krasis/internal/auth/handler.go:230.16,232.3 1 0
github.com/krasis/krasis/internal/auth/handler.go:234.2,239.16 3 0
github.com/krasis/krasis/internal/auth/handler.go:239.16,242.3 2 0
github.com/krasis/krasis/internal/auth/handler.go:244.2,245.16 2 0
github.com/krasis/krasis/internal/auth/handler.go:245.16,248.3 2 0
github.com/krasis/krasis/internal/auth/handler.go:250.2,261.4 1 0
github.com/krasis/krasis/internal/auth/handler.go:264.42,266.21 2 0
github.com/krasis/krasis/internal/auth/handler.go:266.21,269.3 2 0
github.com/krasis/krasis/internal/auth/handler.go:271.2,271.81 1 0
github.com/krasis/krasis/internal/auth/handler.go:271.82,273.3 0 0
github.com/krasis/krasis/internal/auth/handler.go:275.2,275.26 1 0
github.com/krasis/krasis/internal/auth/jwt.go:35.112,42.2 1 1
github.com/krasis/krasis/internal/auth/jwt.go:44.79,61.2 4 1
github.com/krasis/krasis/internal/auth/jwt.go:63.68,64.104 1 1
github.com/krasis/krasis/internal/auth/jwt.go:64.104,65.58 1 1
github.com/krasis/krasis/internal/auth/jwt.go:65.58,67.4 1 0
github.com/krasis/krasis/internal/auth/jwt.go:68.3,68.26 1 1
github.com/krasis/krasis/internal/auth/jwt.go:71.2,71.16 1 1
github.com/krasis/krasis/internal/auth/jwt.go:71.16,73.3 1 0
github.com/krasis/krasis/internal/auth/jwt.go:75.2,76.25 2 1
github.com/krasis/krasis/internal/auth/jwt.go:76.25,78.3 1 0
github.com/krasis/krasis/internal/auth/jwt.go:81.2,81.33 1 1
github.com/krasis/krasis/internal/auth/jwt.go:81.33,83.3 1 1
github.com/krasis/krasis/internal/auth/jwt.go:85.2,85.20 1 1
github.com/krasis/krasis/internal/auth/jwt.go:88.90,91.2 2 1
github.com/krasis/krasis/internal/auth/jwt.go:93.53,99.2 5 1
github.com/krasis/krasis/internal/auth/oauth.go:48.70,53.2 1 1
github.com/krasis/krasis/internal/auth/oauth.go:55.84,57.9 2 1
github.com/krasis/krasis/internal/auth/oauth.go:57.9,59.3 1 1
github.com/krasis/krasis/internal/auth/oauth.go:61.2,61.18 1 1
github.com/krasis/krasis/internal/auth/oauth.go:62.22,68.90 6 1
github.com/krasis/krasis/internal/auth/oauth.go:69.22,76.94 7 1
github.com/krasis/krasis/internal/auth/oauth.go:77.10,78.32 1 0
github.com/krasis/krasis/internal/auth/oauth.go:82.114,84.9 2 0
github.com/krasis/krasis/internal/auth/oauth.go:84.9,86.3 1 0
github.com/krasis/krasis/internal/auth/oauth.go:88.2,88.18 1 0
github.com/krasis/krasis/internal/auth/oauth.go:89.22,90.49 1 0
github.com/krasis/krasis/internal/auth/oauth.go:91.22,92.49 1 0
github.com/krasis/krasis/internal/auth/oauth.go:93.10,94.33 1 0
github.com/krasis/krasis/internal/auth/oauth.go:98.115,99.18 1 0
github.com/krasis/krasis/internal/auth/oauth.go:100.22,101.47 1 0
github.com/krasis/krasis/internal/auth/oauth.go:102.22,103.47 1 0
github.com/krasis/krasis/internal/auth/oauth.go:104.10,105.33 1 0
github.com/krasis/krasis/internal/auth/oauth.go:109.118,117.16 7 0
github.com/krasis/krasis/internal/auth/oauth.go:117.16,119.3 1 0
github.com/krasis/krasis/internal/auth/oauth.go:120.2,125.16 5 0
github.com/krasis/krasis/internal/auth/oauth.go:125.16,127.3 1 0
github.com/krasis/krasis/internal/auth/oauth.go:128.2,131.70 3 0
github.com/krasis/krasis/internal/auth/oauth.go:131.70,133.3 1 0
github.com/krasis/krasis/internal/auth/oauth.go:135.2,135.24 1 0
github.com/krasis/krasis/internal/auth/oauth.go:138.118,147.16 8 0
github.com/krasis/krasis/internal/auth/oauth.go:147.16,149.3 1 0
github.com/krasis/krasis/internal/auth/oauth.go:150.2,154.16 4 0
github.com/krasis/krasis/internal/auth/oauth.go:154.16,156.3 1 0
github.com/krasis/krasis/internal/auth/oauth.go:157.2,160.70 3 0
github.com/krasis/krasis/internal/auth/oauth.go:160.70,162.3 1 0
github.com/krasis/krasis/internal/auth/oauth.go:164.2,164.24 1 0
github.com/krasis/krasis/internal/auth/oauth.go:167.102,169.16 2 0
github.com/krasis/krasis/internal/auth/oauth.go:169.16,171.3 1 0
github.com/krasis/krasis/internal/auth/oauth.go:172.2,176.16 4 0
github.com/krasis/krasis/internal/auth/oauth.go:176.16,178.3 1 0
github.com/krasis/krasis/internal/auth/oauth.go:179.2,187.67 3 0
github.com/krasis/krasis/internal/auth/oauth.go:187.67,189.3 1 0
github.com/krasis/krasis/internal/auth/oauth.go:192.2,193.17 2 0
github.com/krasis/krasis/internal/auth/oauth.go:193.17,195.3 1 0
github.com/krasis/krasis/internal/auth/oauth.go:197.2,202.8 1 0
github.com/krasis/krasis/internal/auth/oauth.go:205.94,211.16 5 0
github.com/krasis/krasis/internal/auth/oauth.go:211.16,213.3 1 0
github.com/krasis/krasis/internal/auth/oauth.go:214.2,221.67 3 0
github.com/krasis/krasis/internal/auth/oauth.go:221.67,223.3 1 0
github.com/krasis/krasis/internal/auth/oauth.go:225.2,225.27 1 0
github.com/krasis/krasis/internal/auth/oauth.go:225.27,226.30 1 0
github.com/krasis/krasis/internal/auth/oauth.go:226.30,228.4 1 0
github.com/krasis/krasis/internal/auth/oauth.go:230.2,230.11 1 0
github.com/krasis/krasis/internal/auth/oauth.go:233.102,235.16 2 0
github.com/krasis/krasis/internal/auth/oauth.go:235.16,237.3 1 0
github.com/krasis/krasis/internal/auth/oauth.go:238.2,241.16 3 0
github.com/krasis/krasis/internal/auth/oauth.go:241.16,243.3 1 0
github.com/krasis/krasis/internal/auth/oauth.go:244.2,253.67 3 0
github.com/krasis/krasis/internal/auth/oauth.go:253.67,255.3 1 0
github.com/krasis/krasis/internal/auth/oauth.go:257.2,262.8 1 0
github.com/krasis/krasis/internal/auth/session.go:39.85,44.2 1 1
github.com/krasis/krasis/internal/auth/session.go:46.106,76.16 10 1
github.com/krasis/krasis/internal/auth/session.go:76.16,78.3 1 0
github.com/krasis/krasis/internal/auth/session.go:80.2,80.21 1 1
github.com/krasis/krasis/internal/auth/session.go:83.87,86.34 3 1
github.com/krasis/krasis/internal/auth/session.go:86.34,88.3 1 0
github.com/krasis/krasis/internal/auth/session.go:90.2,90.32 1 1
github.com/krasis/krasis/internal/auth/session.go:93.78,95.16 2 1
github.com/krasis/krasis/internal/auth/session.go:95.16,97.3 1 0
github.com/krasis/krasis/internal/auth/session.go:99.2,103.12 5 1
github.com/krasis/krasis/internal/auth/session.go:106.123,108.16 2 0
github.com/krasis/krasis/internal/auth/session.go:108.16,110.3 1 0
github.com/krasis/krasis/internal/auth/session.go:112.2,113.32 2 0
github.com/krasis/krasis/internal/auth/session.go:113.32,115.17 2 0
github.com/krasis/krasis/internal/auth/session.go:115.17,116.12 1 0
github.com/krasis/krasis/internal/auth/session.go:118.3,118.29 1 0
github.com/krasis/krasis/internal/auth/session.go:118.29,120.4 1 0
github.com/krasis/krasis/internal/auth/session.go:121.3,121.39 1 0
github.com/krasis/krasis/internal/auth/session.go:124.2,124.22 1 0
github.com/krasis/krasis/internal/auth/session.go:127.79,130.2 2 0
github.com/krasis/krasis/internal/auth/session.go:133.133,135.16 2 1
github.com/krasis/krasis/internal/auth/session.go:135.16,137.3 1 0
github.com/krasis/krasis/internal/auth/session.go:139.2,140.32 2 1
github.com/krasis/krasis/internal/auth/session.go:140.32,142.17 2 1
github.com/krasis/krasis/internal/auth/session.go:142.17,143.12 1 0
github.com/krasis/krasis/internal/auth/session.go:145.3,157.29 2 1
github.com/krasis/krasis/internal/auth/session.go:160.2,160.20 1 1
github.com/krasis/krasis/internal/auth/session.go:164.85,166.2 1 1
github.com/krasis/krasis/internal/auth/session.go:168.85,170.16 2 0
github.com/krasis/krasis/internal/auth/session.go:170.16,172.3 1 0
github.com/krasis/krasis/internal/auth/session.go:174.2,175.29 2 0
github.com/krasis/krasis/internal/auth/session.go:175.29,177.3 1 0
github.com/krasis/krasis/internal/auth/session.go:178.2,180.12 3 0
github.com/krasis/krasis/internal/auth/session.go:183.52,199.2 4 1
github.com/krasis/krasis/internal/auth/session.go:201.41,203.71 2 1
github.com/krasis/krasis/internal/auth/session.go:203.71,204.37 1 0
github.com/krasis/krasis/internal/auth/session.go:204.37,206.4 1 0
github.com/krasis/krasis/internal/auth/session.go:207.3,207.19 1 0
github.com/krasis/krasis/internal/auth/session.go:209.2,209.73 1 1
github.com/krasis/krasis/internal/auth/session.go:209.73,211.3 1 0
github.com/krasis/krasis/internal/auth/session.go:212.2,212.37 1 1
github.com/krasis/krasis/internal/auth/session.go:212.37,214.3 1 0
github.com/krasis/krasis/internal/auth/session.go:215.2,215.35 1 1
github.com/krasis/krasis/internal/auth/session.go:215.35,217.3 1 0
github.com/krasis/krasis/internal/auth/session.go:218.2,218.25 1 1
github.com/krasis/krasis/internal/auth/session.go:221.41,223.105 2 1
github.com/krasis/krasis/internal/auth/session.go:223.105,225.3 1 0
github.com/krasis/krasis/internal/auth/session.go:226.2,226.68 1 1
github.com/krasis/krasis/internal/auth/session.go:226.68,228.3 1 0
github.com/krasis/krasis/internal/auth/session.go:229.2,229.18 1 1
github.com/krasis/krasis/internal/note/handler.go:17.68,19.2 1 1
github.com/krasis/krasis/internal/note/handler.go:21.46,29.47 3 1
github.com/krasis/krasis/internal/note/handler.go:29.47,32.3 2 1
github.com/krasis/krasis/internal/note/handler.go:34.2,35.25 2 1
github.com/krasis/krasis/internal/note/handler.go:35.25,37.17 2 0
github.com/krasis/krasis/internal/note/handler.go:37.17,40.4 2 0
github.com/krasis/krasis/internal/note/handler.go:41.3,41.17 1 0
github.com/krasis/krasis/internal/note/handler.go:44.2,45.16 2 1
github.com/krasis/krasis/internal/note/handler.go:45.16,48.3 2 0
github.com/krasis/krasis/internal/note/handler.go:50.2,55.4 1 1
github.com/krasis/krasis/internal/note/handler.go:58.43,61.16 3 1
github.com/krasis/krasis/internal/note/handler.go:61.16,64.3 2 0
github.com/krasis/krasis/internal/note/handler.go:66.2,67.83 2 1
github.com/krasis/krasis/internal/note/handler.go:67.83,70.3 2 1
github.com/krasis/krasis/internal/note/handler.go:71.2,71.16 1 0
github.com/krasis/krasis/internal/note/handler.go:71.16,74.3 2 0
github.com/krasis/krasis/internal/note/handler.go:76.2,88.28 2 0
github.com/krasis/krasis/internal/note/handler.go:88.28,90.3 1 0
github.com/krasis/krasis/internal/note/handler.go:92.2,92.27 1 0
github.com/krasis/krasis/internal/note/handler.go:95.45,104.44 7 1
github.com/krasis/krasis/internal/note/handler.go:104.44,106.17 2 0
github.com/krasis/krasis/internal/note/handler.go:106.17,108.4 1 0
github.com/krasis/krasis/internal/note/handler.go:111.2,112.16 2 1
github.com/krasis/krasis/internal/note/handler.go:112.16,116.3 3 0
github.com/krasis/krasis/internal/note/handler.go:118.2,119.26 2 1
github.com/krasis/krasis/internal/note/handler.go:119.26,132.3 2 1
github.com/krasis/krasis/internal/note/handler.go:134.2,134.56 1 1
github.com/krasis/krasis/internal/note/handler.go:137.46,140.16 3 1
github.com/krasis/krasis/internal/note/handler.go:140.16,143.3 2 0
github.com/krasis/krasis/internal/note/handler.go:145.2,147.22 3 1
github.com/krasis/krasis/internal/note/handler.go:147.22,149.3 1 1
github.com/krasis/krasis/internal/note/handler.go:151.2,156.47 2 1
github.com/krasis/krasis/internal/note/handler.go:156.47,159.3 2 0
github.com/krasis/krasis/internal/note/handler.go:163.2,163.37 1 1
github.com/krasis/krasis/internal/note/handler.go:163.38,165.3 0 1
github.com/krasis/krasis/internal/note/handler.go:165.8,168.3 1 0
github.com/krasis/krasis/internal/note/handler.go:170.2,171.16 2 1
github.com/krasis/krasis/internal/note/handler.go:171.16,172.40 1 1
github.com/krasis/krasis/internal/note/handler.go:172.40,175.4 2 1
github.com/krasis/krasis/internal/note/handler.go:176.3,176.84 1 0
github.com/krasis/krasis/internal/note/handler.go:176.84,179.4 2 0
github.com/krasis/krasis/internal/note/handler.go:180.3,181.9 2 0
github.com/krasis/krasis/internal/note/handler.go:184.2,189.4 1 0
github.com/krasis/krasis/internal/note/handler.go:192.46,195.16 3 1
github.com/krasis/krasis/internal/note/handler.go:195.16,198.3 2 1
github.com/krasis/krasis/internal/note/handler.go:200.2,202.72 2 1
github.com/krasis/krasis/internal/note/handler.go:202.72,203.59 1 1
github.com/krasis/krasis/internal/note/handler.go:203.59,206.4 2 1
github.com/krasis/krasis/internal/note/handler.go:207.3,208.9 2 0
github.com/krasis/krasis/internal/note/handler.go:211.2,211.26 1 0
github.com/krasis/krasis/internal/note/handler.go:214.47,217.16 3 1
github.com/krasis/krasis/internal/note/handler.go:217.16,220.3 2 0
github.com/krasis/krasis/internal/note/handler.go:222.2,223.16 2 1
github.com/krasis/krasis/internal/note/handler.go:223.16,224.59 1 0
github.com/krasis/krasis/internal/note/handler.go:224.59,227.4 2 0
github.com/krasis/krasis/internal/note/handler.go:228.3,229.9 2 0
github.com/krasis/krasis/internal/note/handler.go:232.2,233.29 2 1
github.com/krasis/krasis/internal/note/handler.go:233.29,239.20 2 1
github.com/krasis/krasis/internal/note/handler.go:239.20,241.4 1 0
github.com/krasis/krasis/internal/note/handler.go:242.3,242.28 1 1
github.com/krasis/krasis/internal/note/handler.go:242.28,244.4 1 0
github.com/krasis/krasis/internal/note/handler.go:245.3,245.30 1 1
github.com/krasis/krasis/internal/note/handler.go:248.2,248.44 1 1
github.com/krasis/krasis/internal/note/handler.go:251.50,254.16 3 1
github.com/krasis/krasis/internal/note/handler.go:254.16,257.3 2 1
github.com/krasis/krasis/internal/note/handler.go:259.2,260.31 2 0
github.com/krasis/krasis/internal/note/handler.go:260.31,263.3 2 0
github.com/krasis/krasis/internal/note/handler.go:265.2,265.78 1 0
github.com/krasis/krasis/internal/note/handler.go:265.78,268.3 2 0
github.com/krasis/krasis/internal/note/handler.go:270.2,270.26 1 0
github.com/krasis/krasis/internal/note/handler.go:273.41,274.19 1 1
github.com/krasis/krasis/internal/note/handler.go:274.19,276.3 1 1
github.com/krasis/krasis/internal/note/handler.go:277.2,277.24 1 1
github.com/krasis/krasis/internal/note/model.go:54.80,56.2 1 0
github.com/krasis/krasis/internal/note/model.go:58.132,67.21 4 0
github.com/krasis/krasis/internal/note/model.go:67.21,69.3 1 0
github.com/krasis/krasis/internal/note/model.go:71.2,75.16 2 0
github.com/krasis/krasis/internal/note/model.go:75.16,77.3 1 0
github.com/krasis/krasis/internal/note/model.go:79.2,79.19 1 0
github.com/krasis/krasis/internal/note/model.go:82.84,94.16 3 0
github.com/krasis/krasis/internal/note/model.go:94.16,95.45 1 0
github.com/krasis/krasis/internal/note/model.go:95.45,97.4 1 0
github.com/krasis/krasis/internal/note/model.go:98.3,98.18 1 0
github.com/krasis/krasis/internal/note/model.go:100.2,100.19 1 0
github.com/krasis/krasis/internal/note/model.go:103.159,108.21 4 0
github.com/krasis/krasis/internal/note/model.go:108.21,112.3 3 0
github.com/krasis/krasis/internal/note/model.go:115.2,119.16 3 0
github.com/krasis/krasis/internal/note/model.go:119.16,125.3 2 0
github.com/krasis/krasis/internal/note/model.go:128.2,129.24 2 0
github.com/krasis/krasis/internal/note/model.go:129.24,131.3 1 0
github.com/krasis/krasis/internal/note/model.go:132.2,132.39 1 0
github.com/krasis/krasis/internal/note/model.go:132.39,134.3 1 0
github.com/krasis/krasis/internal/note/model.go:136.2,147.16 5 0
github.com/krasis/krasis/internal/note/model.go:147.16,156.3 2 0
github.com/krasis/krasis/internal/note/model.go:157.2,160.18 3 0
github.com/krasis/krasis/internal/note/model.go:160.18,166.17 3 0
github.com/krasis/krasis/internal/note/model.go:166.17,168.4 1 0
github.com/krasis/krasis/internal/note/model.go:169.3,169.20 1 0
github.com/krasis/krasis/internal/note/model.go:169.20,171.4 1 0
github.com/krasis/krasis/internal/note/model.go:172.3,172.28 1 0
github.com/krasis/krasis/internal/note/model.go:175.2,175.26 1 0
github.com/krasis/krasis/internal/note/model.go:178.144,189.16 3 0
github.com/krasis/krasis/internal/note/model.go:189.16,190.45 1 0
github.com/krasis/krasis/internal/note/model.go:190.45,193.23 2 0
github.com/krasis/krasis/internal/note/model.go:193.23,195.5 1 0
github.com/krasis/krasis/internal/note/model.go:196.4,196.31 1 0
github.com/krasis/krasis/internal/note/model.go:198.3,198.18 1 0
github.com/krasis/krasis/internal/note/model.go:200.2,200.19 1 0
github.com/krasis/krasis/internal/note/model.go:203.78,208.16 2 0
github.com/krasis/krasis/internal/note/model.go:208.16,210.3 1 0
github.com/krasis/krasis/internal/note/model.go:211.2,211.29 1 0
github.com/krasis/krasis/internal/note/model.go:211.29,213.3 1 0
github.com/krasis/krasis/internal/note/model.go:214.2,214.12 1 0
github.com/krasis/krasis/internal/note/model.go:217.83,219.16 2 0
github.com/krasis/krasis/internal/note/model.go:219.16,221.3 1 0
github.com/krasis/krasis/internal/note/model.go:222.2,222.29 1 0
github.com/krasis/krasis/internal/note/model.go:222.29,224.3 1 0
github.com/krasis/krasis/internal/note/model.go:225.2,225.12 1 0
github.com/krasis/krasis/internal/note/model.go:228.146,234.2 2 0
github.com/krasis/krasis/internal/note/model.go:236.101,243.16 2 0
github.com/krasis/krasis/internal/note/model.go:243.16,245.3 1 0
github.com/krasis/krasis/internal/note/model.go:246.2,249.18 3 0
github.com/krasis/krasis/internal/note/model.go:249.18,254.17 2 0
github.com/krasis/krasis/internal/note/model.go:254.17,256.4 1 0
github.com/krasis/krasis/internal/note/model.go:257.3,257.34 1 0
github.com/krasis/krasis/internal/note/model.go:259.2,259.22 1 0
github.com/krasis/krasis/internal/note/model.go:262.111,272.16 3 0
github.com/krasis/krasis/internal/note/model.go:272.16,274.3 1 0
github.com/krasis/krasis/internal/note/model.go:275.2,275.16 1 0
github.com/krasis/krasis/internal/note/model.go:278.68,282.2 3 0
github.com/krasis/krasis/internal/note/model.go:284.88,287.25 3 0
github.com/krasis/krasis/internal/note/model.go:287.25,289.3 1 0
github.com/krasis/krasis/internal/note/model.go:290.2,291.19 2 0
github.com/krasis/krasis/internal/note/model.go:294.79,298.2 3 0
github.com/krasis/krasis/internal/note/model.go:300.122,302.16 2 0
github.com/krasis/krasis/internal/note/model.go:302.16,304.3 1 0
github.com/krasis/krasis/internal/note/model.go:305.2,313.16 4 0
github.com/krasis/krasis/internal/note/model.go:313.16,315.3 1 0
github.com/krasis/krasis/internal/note/model.go:317.2,321.16 2 0
github.com/krasis/krasis/internal/note/model.go:321.16,323.3 1 0
github.com/krasis/krasis/internal/note/model.go:325.2,325.23 1 0
github.com/krasis/krasis/internal/note/service.go:39.85,41.2 1 1
github.com/krasis/krasis/internal/note/service.go:43.129,44.36 1 1
github.com/krasis/krasis/internal/note/service.go:44.36,46.3 1 1
github.com/krasis/krasis/internal/note/service.go:48.2,49.16 2 1
github.com/krasis/krasis/internal/note/service.go:49.16,51.3 1 0
github.com/krasis/krasis/internal/note/service.go:54.2,54.111 1 1
github.com/krasis/krasis/internal/note/service.go:54.111,56.3 1 0
github.com/krasis/krasis/internal/note/service.go:59.2,59.22 1 1
github.com/krasis/krasis/internal/note/service.go:59.22,61.3 1 0
github.com/krasis/krasis/internal/note/service.go:63.2,63.18 1 1
github.com/krasis/krasis/internal/note/service.go:66.93,68.16 2 1
github.com/krasis/krasis/internal/note/service.go:68.16,70.3 1 1
github.com/krasis/krasis/internal/note/service.go:71.2,71.28 1 1
github.com/krasis/krasis/internal/note/service.go:71.28,73.3 1 1
github.com/krasis/krasis/internal/note/service.go:74.2,74.20 1 1
github.com/krasis/krasis/internal/note/service.go:74.20,76.3 1 1
github.com/krasis/krasis/internal/note/service.go:77.2,77.18 1 0
github.com/krasis/krasis/internal/note/service.go:80.148,81.14 1 1
github.com/krasis/krasis/internal/note/service.go:81.14,83.3 1 1
github.com/krasis/krasis/internal/note/service.go:84.2,84.28 1 1
github.com/krasis/krasis/internal/note/service.go:84.28,86.3 1 1
github.com/krasis/krasis/internal/note/service.go:87.2,87.75 1 1
github.com/krasis/krasis/internal/note/service.go:90.128,92.16 2 1
github.com/krasis/krasis/internal/note/service.go:92.16,94.3 1 0
github.com/krasis/krasis/internal/note/service.go:95.2,95.28 1 1
github.com/krasis/krasis/internal/note/service.go:95.28,97.3 1 0
github.com/krasis/krasis/internal/note/service.go:98.2,98.20 1 1
github.com/krasis/krasis/internal/note/service.go:98.20,100.3 1 0
github.com/krasis/krasis/internal/note/service.go:102.2,103.16 2 1
github.com/krasis/krasis/internal/note/service.go:103.16,104.32 1 1
github.com/krasis/krasis/internal/note/service.go:104.32,110.4 2 1
github.com/krasis/krasis/internal/note/service.go:111.3,111.18 1 0
github.com/krasis/krasis/internal/note/service.go:115.2,118.22 2 0
github.com/krasis/krasis/internal/note/service.go:118.22,120.3 1 0
github.com/krasis/krasis/internal/note/service.go:122.2,122.25 1 0
github.com/krasis/krasis/internal/note/service.go:125.99,127.16 2 1
github.com/krasis/krasis/internal/note/service.go:127.16,129.3 1 0
github.com/krasis/krasis/internal/note/service.go:130.2,130.28 1 1
github.com/krasis/krasis/internal/note/service.go:130.28,132.3 1 0
github.com/krasis/krasis/internal/note/service.go:134.2,134.15 1 1
github.com/krasis/krasis/internal/note/service.go:134.15,135.23 1 0
github.com/krasis/krasis/internal/note/service.go:135.23,137.4 1 0
github.com/krasis/krasis/internal/note/service.go:138.3,138.45 1 0
github.com/krasis/krasis/internal/note/service.go:140.2,140.22 1 1
github.com/krasis/krasis/internal/note/service.go:140.22,142.3 1 0
github.com/krasis/krasis/internal/note/service.go:143.2,143.39 1 1
github.com/krasis/krasis/internal/note/service.go:146.106,148.16 2 1
github.com/krasis/krasis/internal/note/service.go:148.16,150.3 1 0
github.com/krasis/krasis/internal/note/service.go:151.2,151.28 1 1
github.com/krasis/krasis/internal/note/service.go:151.28,153.3 1 0
github.com/krasis/krasis/internal/note/service.go:154.2,154.40 1 1
github.com/krasis/krasis/internal/note/service.go:157.104,159.16 2 0
github.com/krasis/krasis/internal/note/service.go:159.16,161.3 1 0
github.com/krasis/krasis/internal/note/service.go:162.2,162.28 1 0
github.com/krasis/krasis/internal/note/service.go:162.28,164.3 1 0
github.com/krasis/krasis/internal/note/service.go:166.2,167.16 2 0
github.com/krasis/krasis/internal/note/service.go:167.16,169.3 1 0
github.com/krasis/krasis/internal/note/service.go:171.2,172.19 2 0
github.com/krasis/krasis/internal/note/service.go:172.19,174.3 1 0
github.com/krasis/krasis/internal/note/service.go:175.2,176.21 2 0
github.com/krasis/krasis/internal/note/service.go:176.21,178.3 1 0
github.com/krasis/krasis/internal/note/service.go:180.2,180.84 1 0
github.com/krasis/krasis/internal/note/service.go:180.84,182.3 1 0
github.com/krasis/krasis/internal/note/service.go:185.2,185.22 1 0
github.com/krasis/krasis/internal/note/service.go:185.22,187.3 1 0
github.com/krasis/krasis/internal/note/service.go:188.2,188.12 1 0
github.com/krasis/krasis/internal/note/service.go:196.40,198.2 1 1
github.com/krasis/krasis/internal/user/handler.go:22.79,27.2 1 1
github.com/krasis/krasis/internal/user/handler.go:29.41,31.18 2 0
github.com/krasis/krasis/internal/user/handler.go:31.18,34.3 2 0
github.com/krasis/krasis/internal/user/handler.go:36.2,37.16 2 0
github.com/krasis/krasis/internal/user/handler.go:37.16,40.3 2 0
github.com/krasis/krasis/internal/user/handler.go:42.2,43.16 2 0
github.com/krasis/krasis/internal/user/handler.go:43.16,46.3 2 0
github.com/krasis/krasis/internal/user/handler.go:48.2,55.4 1 0
github.com/krasis/krasis/internal/user/handler.go:58.47,63.16 4 1
github.com/krasis/krasis/internal/user/handler.go:63.16,66.3 2 0
github.com/krasis/krasis/internal/user/handler.go:68.2,70.4 1 1
github.com/krasis/krasis/internal/user/handler.go:73.49,76.69 2 1
github.com/krasis/krasis/internal/user/handler.go:76.69,79.3 2 0
github.com/krasis/krasis/internal/user/handler.go:81.2,81.26 1 1
github.com/krasis/krasis/internal/user/handler.go:84.53,87.69 2 0
github.com/krasis/krasis/internal/user/handler.go:87.69,90.3 2 0
github.com/krasis/krasis/internal/user/handler.go:92.2,92.26 1 0
github.com/krasis/krasis/internal/user/handler.go:95.49,99.16 3 0
github.com/krasis/krasis/internal/user/handler.go:99.16,102.3 2 0
github.com/krasis/krasis/internal/user/handler.go:104.2,108.47 2 0
github.com/krasis/krasis/internal/user/handler.go:108.47,111.3 2 0
github.com/krasis/krasis/internal/user/handler.go:113.2,113.84 1 0
github.com/krasis/krasis/internal/user/handler.go:113.84,116.3 2 0
github.com/krasis/krasis/internal/user/handler.go:118.2,118.26 1 0
github.com/krasis/krasis/internal/user/model.go:42.60,44.2 1 0
github.com/krasis/krasis/internal/user/model.go:46.93,52.16 3 0
github.com/krasis/krasis/internal/user/model.go:52.16,54.3 1 0
github.com/krasis/krasis/internal/user/model.go:55.2,55.16 1 0
github.com/krasis/krasis/internal/user/model.go:58.87,64.16 3 0
github.com/krasis/krasis/internal/user/model.go:64.16,66.3 1 0
github.com/krasis/krasis/internal/user/model.go:67.2,67.16 1 0
github.com/krasis/krasis/internal/user/model.go:70.84,76.16 3 0
github.com/krasis/krasis/internal/user/model.go:76.16,78.3 1 0
github.com/krasis/krasis/internal/user/model.go:79.2,79.16 1 0
github.com/krasis/krasis/internal/user/model.go:82.104,88.16 3 0
github.com/krasis/krasis/internal/user/model.go:88.16,90.3 1 0
github.com/krasis/krasis/internal/user/model.go:91.2,91.16 1 0
github.com/krasis/krasis/internal/user/model.go:94.134,100.16 3 0
github.com/krasis/krasis/internal/user/model.go:100.16,102.3 1 0
github.com/krasis/krasis/internal/user/model.go:103.2,103.16 1 0
github.com/krasis/krasis/internal/user/model.go:106.109,112.2 2 0
github.com/krasis/krasis/internal/user/model.go:114.89,124.16 3 0
github.com/krasis/krasis/internal/user/model.go:124.16,125.27 1 0
github.com/krasis/krasis/internal/user/model.go:125.27,127.4 1 0
github.com/krasis/krasis/internal/user/model.go:128.3,128.17 1 0
github.com/krasis/krasis/internal/user/model.go:130.2,130.18 1 0
github.com/krasis/krasis/internal/user/model.go:133.89,141.2 2 0
github.com/krasis/krasis/internal/user/model.go:149.127,154.19 4 0
github.com/krasis/krasis/internal/user/model.go:154.19,158.3 3 0
github.com/krasis/krasis/internal/user/model.go:159.2,159.16 1 0
github.com/krasis/krasis/internal/user/model.go:159.16,163.3 3 0
github.com/krasis/krasis/internal/user/model.go:165.2,172.79 3 0
github.com/krasis/krasis/internal/user/model.go:172.79,174.3 1 0
github.com/krasis/krasis/internal/user/model.go:176.2,191.16 5 0
github.com/krasis/krasis/internal/user/model.go:191.16,193.3 1 0
github.com/krasis/krasis/internal/user/model.go:194.2,197.18 3 0
github.com/krasis/krasis/internal/user/model.go:197.18,202.17 2 0
github.com/krasis/krasis/internal/user/model.go:202.17,204.4 1 0
github.com/krasis/krasis/internal/user/model.go:205.3,205.28 1 0
github.com/krasis/krasis/internal/user/model.go:208.2,208.26 1 0
github.com/krasis/krasis/internal/user/model.go:211.99,217.2 2 0
github.com/krasis/krasis/internal/user/model.go:219.98,225.2 2 0
github.com/krasis/krasis/internal/user/model.go:227.78,230.2 2 0
github.com/krasis/krasis/internal/user/model.go:232.106,238.2 2 0
github.com/krasis/krasis/internal/user/model.go:240.95,245.16 3 0
github.com/krasis/krasis/internal/user/model.go:245.16,247.3 1 0
github.com/krasis/krasis/internal/user/model.go:248.2,248.21 1 0
github.com/krasis/krasis/internal/user/model.go:251.68,255.2 3 0
github.com/krasis/krasis/internal/user/service.go:15.56,17.2 1 0
github.com/krasis/krasis/internal/user/service.go:19.113,21.16 2 0
github.com/krasis/krasis/internal/user/service.go:21.16,24.17 2 0
github.com/krasis/krasis/internal/user/service.go:24.17,26.4 1 0
github.com/krasis/krasis/internal/user/service.go:27.3,27.64 1 0
github.com/krasis/krasis/internal/user/service.go:27.64,29.4 1 0
github.com/krasis/krasis/internal/user/service.go:30.3,30.19 1 0
github.com/krasis/krasis/internal/user/service.go:32.2,32.18 1 0
github.com/krasis/krasis/internal/user/service.go:35.81,37.2 1 0
github.com/krasis/krasis/internal/user/service.go:39.106,41.2 1 0
github.com/krasis/krasis/internal/user/service.go:43.86,45.2 1 0
github.com/krasis/krasis/internal/user/service.go:49.124,50.14 1 0
github.com/krasis/krasis/internal/user/service.go:50.14,52.3 1 0
github.com/krasis/krasis/internal/user/service.go:53.2,53.28 1 0
github.com/krasis/krasis/internal/user/service.go:53.28,55.3 1 0
github.com/krasis/krasis/internal/user/service.go:56.2,56.57 1 0
github.com/krasis/krasis/internal/user/service.go:59.100,60.27 1 0
github.com/krasis/krasis/internal/user/service.go:60.27,62.3 1 0
github.com/krasis/krasis/internal/user/service.go:63.2,63.49 1 0
github.com/krasis/krasis/internal/user/service.go:66.99,68.2 1 0
github.com/krasis/krasis/internal/user/service.go:70.110,72.16 2 0
github.com/krasis/krasis/internal/user/service.go:72.16,74.3 1 0
github.com/krasis/krasis/internal/user/service.go:75.2,75.36 1 0
github.com/krasis/krasis/internal/user/service.go:75.36,77.3 1 0
github.com/krasis/krasis/internal/user/service.go:77.8,79.3 1 0
github.com/krasis/krasis/internal/user/service.go:80.2,80.18 1 0
github.com/krasis/krasis/internal/user/service.go:83.107,84.53 1 0
github.com/krasis/krasis/internal/user/service.go:84.53,86.3 1 0
github.com/krasis/krasis/internal/user/service.go:87.2,87.23 1 0
github.com/krasis/krasis/internal/user/service.go:87.23,89.3 1 0
github.com/krasis/krasis/internal/user/service.go:92.2,92.57 1 0
github.com/krasis/krasis/internal/user/service.go:92.57,94.3 1 0
github.com/krasis/krasis/internal/user/service.go:96.2,97.16 2 0
github.com/krasis/krasis/internal/user/service.go:97.16,99.3 1 0
github.com/krasis/krasis/internal/user/service.go:101.2,102.16 2 0
github.com/krasis/krasis/internal/user/service.go:102.16,104.3 1 0
github.com/krasis/krasis/internal/user/service.go:105.2,105.63 1 0
github.com/krasis/krasis/internal/user/service.go:105.63,107.3 1 0
github.com/krasis/krasis/internal/user/service.go:108.2,108.18 1 0
github.com/krasis/krasis/internal/user/service.go:111.109,113.16 2 0
github.com/krasis/krasis/internal/user/service.go:113.16,115.3 1 0
github.com/krasis/krasis/internal/user/service.go:116.2,116.58 1 0
github.com/krasis/krasis/internal/user/service.go:116.58,118.3 1 0
github.com/krasis/krasis/internal/user/service.go:119.2,119.100 1 0
github.com/krasis/krasis/internal/user/service.go:119.100,121.3 1 0
github.com/krasis/krasis/internal/user/service.go:122.2,122.22 1 0
github.com/krasis/krasis/internal/user/service.go:122.22,124.3 1 0
github.com/krasis/krasis/internal/user/service.go:125.2,125.18 1 0
github.com/krasis/krasis/internal/user/service.go:128.79,130.2 1 0
github.com/krasis/krasis/internal/user/service.go:132.103,134.2 1 0
github.com/krasis/krasis/internal/user/service.go:136.92,138.2 1 0
github.com/krasis/krasis/internal/user/service.go:140.70,142.2 1 0
github.com/krasis/krasis/internal/share/handler.go:21.76,23.2 1 0
github.com/krasis/krasis/internal/share/handler.go:25.120,27.45 2 0
github.com/krasis/krasis/internal/share/handler.go:27.45,29.3 1 0
github.com/krasis/krasis/internal/share/handler.go:30.2,31.16 2 0
github.com/krasis/krasis/internal/share/handler.go:31.16,33.3 1 0
github.com/krasis/krasis/internal/share/handler.go:34.2,35.20 2 0
github.com/krasis/krasis/internal/share/handler.go:35.20,37.3 1 0
github.com/krasis/krasis/internal/share/handler.go:38.2,46.4 1 0
github.com/krasis/krasis/internal/share/handler.go:49.47,52.16 3 0
github.com/krasis/krasis/internal/share/handler.go:52.16,55.3 2 0
github.com/krasis/krasis/internal/share/handler.go:57.2,63.47 2 0
github.com/krasis/krasis/internal/share/handler.go:63.47,66.3 2 0
github.com/krasis/krasis/internal/share/handler.go:68.2,73.26 2 0
github.com/krasis/krasis/internal/share/handler.go:73.26,75.17 2 0
github.com/krasis/krasis/internal/share/handler.go:75.17,78.4 2 0
github.com/krasis/krasis/internal/share/handler.go:79.3,79.27 1 0
github.com/krasis/krasis/internal/share/handler.go:82.2,83.16 2 0
github.com/krasis/krasis/internal/share/handler.go:83.16,84.28 1 0
github.com/krasis/krasis/internal/share/handler.go:84.28,87.4 2 0
github.com/krasis/krasis/internal/share/handler.go:88.3,89.9 2 0
github.com/krasis/krasis/internal/share/handler.go:92.2,98.4 1 0
github.com/krasis/krasis/internal/share/handler.go:101.50,104.16 3 0
github.com/krasis/krasis/internal/share/handler.go:104.16,107.3 2 0
github.com/krasis/krasis/internal/share/handler.go:109.2,110.16 2 0
github.com/krasis/krasis/internal/share/handler.go:110.16,113.3 2 0
github.com/krasis/krasis/internal/share/handler.go:115.2,126.33 2 0
github.com/krasis/krasis/internal/share/handler.go:126.33,128.3 1 0
github.com/krasis/krasis/internal/share/handler.go:130.2,130.27 1 0
github.com/krasis/krasis/internal/share/handler.go:133.47,138.16 4 0
github.com/krasis/krasis/internal/share/handler.go:138.16,139.14 1 0
github.com/krasis/krasis/internal/share/handler.go:140.24,141.86 1 0
github.com/krasis/krasis/internal/share/handler.go:142.25,143.74 1 0
github.com/krasis/krasis/internal/share/handler.go:144.24,145.67 1 0
github.com/krasis/krasis/internal/share/handler.go:146.27,147.74 1 0
github.com/krasis/krasis/internal/share/handler.go:148.25,149.67 1 0
github.com/krasis/krasis/internal/share/handler.go:150.11,151.81 1 0
github.com/krasis/krasis/internal/share/handler.go:153.3,153.9 1 0
github.com/krasis/krasis/internal/share/handler.go:156.2,163.4 1 0
github.com/krasis/krasis/internal/share/handler.go:166.47,169.16 3 0
github.com/krasis/krasis/internal/share/handler.go:169.16,172.3 2 0
github.com/krasis/krasis/internal/share/handler.go:174.2,174.65 1 0
github.com/krasis/krasis/internal/share/handler.go:174.65,177.3 2 0
github.com/krasis/krasis/internal/share/handler.go:179.2,179.26 1 0
github.com/krasis/krasis/internal/share/handler.go:183.50,190.16 6 0
github.com/krasis/krasis/internal/share/handler.go:190.16,193.3 2 0
github.com/krasis/krasis/internal/share/handler.go:195.2,195.56 1 0
github.com/krasis/krasis/internal/share/handler.go:198.50,200.16 2 0
github.com/krasis/krasis/internal/share/handler.go:200.16,203.3 2 0
github.com/krasis/krasis/internal/share/handler.go:205.2,206.16 2 0
github.com/krasis/krasis/internal/share/handler.go:206.16,209.3 2 0
github.com/krasis/krasis/internal/share/handler.go:211.2,211.28 1 0
github.com/krasis/krasis/internal/share/handler.go:214.49,216.16 2 0
github.com/krasis/krasis/internal/share/handler.go:216.16,219.3 2 0
github.com/krasis/krasis/internal/share/handler.go:220.2,220.28 1 0
github.com/krasis/krasis/internal/share/handler.go:223.47,231.47 3 0
github.com/krasis/krasis/internal/share/handler.go:231.47,234.3 2 0
github.com/krasis/krasis/internal/share/handler.go:236.2,236.55 1 0
github.com/krasis/krasis/internal/share/handler.go:236.55,239.3 2 0
github.com/krasis/krasis/internal/share/handler.go:241.2,242.37 2 0
github.com/krasis/krasis/internal/share/handler.go:242.37,244.17 2 0
github.com/krasis/krasis/internal/share/handler.go:244.17,247.4 2 0
github.com/krasis/krasis/internal/share/handler.go:248.3,248.24 1 0
github.com/krasis/krasis/internal/share/handler.go:251.2,251.90 1 0
github.com/krasis/krasis/internal/share/handler.go:251.90,254.3 2 0
github.com/krasis/krasis/internal/share/handler.go:256.2,256.57 1 0
github.com/krasis/krasis/internal/share/handler.go:259.48,262.16 3 0
github.com/krasis/krasis/internal/share/handler.go:262.16,265.3 2 0
github.com/krasis/krasis/internal/share/handler.go:267.2,267.66 1 0
github.com/krasis/krasis/internal/share/handler.go:267.66,270.3 2 0
github.com/krasis/krasis/internal/share/handler.go:272.2,273.26 2 0
github.com/krasis/krasis/internal/share/handler.go:276.47,279.16 3 0
github.com/krasis/krasis/internal/share/handler.go:279.16,282.3 2 0
github.com/krasis/krasis/internal/share/handler.go:284.2,289.77 3 0
github.com/krasis/krasis/internal/share/handler.go:289.77,292.3 2 0
github.com/krasis/krasis/internal/share/handler.go:294.2,295.26 2 0
github.com/krasis/krasis/internal/share/handler.go:298.49,301.16 3 0
github.com/krasis/krasis/internal/share/handler.go:301.16,304.3 2 0
github.com/krasis/krasis/internal/share/handler.go:306.2,306.67 1 0
github.com/krasis/krasis/internal/share/handler.go:306.67,309.3 2 0
github.com/krasis/krasis/internal/share/handler.go:311.2,312.26 2 0
github.com/krasis/krasis/internal/share/handler.go:315.47,318.16 3 0
github.com/krasis/krasis/internal/share/handler.go:318.16,321.3 2 0
github.com/krasis/krasis/internal/share/handler.go:323.2,323.65 1 0
github.com/krasis/krasis/internal/share/handler.go:323.65,326.3 2 0
github.com/krasis/krasis/internal/share/handler.go:328.2,329.26 2 0
github.com/krasis/krasis/internal/share/handler.go:332.44,333.16 1 0
github.com/krasis/krasis/internal/share/handler.go:334.17,335.21 1 0
github.com/krasis/krasis/internal/share/handler.go:336.18,337.21 1 0
github.com/krasis/krasis/internal/share/handler.go:338.18,339.21 1 0
github.com/krasis/krasis/internal/share/handler.go:340.17,341.21 1 0
github.com/krasis/krasis/internal/share/handler.go:343.2,343.15 1 0
github.com/krasis/krasis/internal/share/model.go:45.62,47.2 1 0
github.com/krasis/krasis/internal/share/model.go:49.79,59.2 2 0
github.com/krasis/krasis/internal/share/model.go:61.93,71.16 3 0
github.com/krasis/krasis/internal/share/model.go:71.16,73.3 1 0
github.com/krasis/krasis/internal/share/model.go:74.2,74.16 1 0
github.com/krasis/krasis/internal/share/model.go:77.98,88.16 3 0
github.com/krasis/krasis/internal/share/model.go:88.16,90.3 1 0
github.com/krasis/krasis/internal/share/model.go:91.2,91.16 1 0
github.com/krasis/krasis/internal/share/model.go:94.133,99.18 4 0
github.com/krasis/krasis/internal/share/model.go:99.18,103.3 3 0
github.com/krasis/krasis/internal/share/model.go:105.2,109.16 4 0
github.com/krasis/krasis/internal/share/model.go:109.16,111.3 1 0
github.com/krasis/krasis/internal/share/model.go:112.2,112.29 1 0
github.com/krasis/krasis/internal/share/model.go:112.29,114.3 1 0
github.com/krasis/krasis/internal/share/model.go:115.2,115.12 1 0
github.com/krasis/krasis/internal/share/model.go:118.75,120.16 2 0
github.com/krasis/krasis/internal/share/model.go:120.16,122.3 1 0
github.com/krasis/krasis/internal/share/model.go:123.2,123.29 1 0
github.com/krasis/krasis/internal/share/model.go:123.29,125.3 1 0
github.com/krasis/krasis/internal/share/model.go:126.2,126.12 1 0
github.com/krasis/krasis/internal/share/model.go:129.34,133.2 3 1
github.com/krasis/krasis/internal/share/model.go:135.52,138.2 2 1
github.com/krasis/krasis/internal/share/model.go:140.49,142.2 1 1
github.com/krasis/krasis/internal/share/model.go:168.142,169.14 1 0
github.com/krasis/krasis/internal/share/model.go:169.14,171.3 1 0
github.com/krasis/krasis/internal/share/model.go:172.2,172.14 1 0
github.com/krasis/krasis/internal/share/model.go:172.14,174.3 1 0
github.com/krasis/krasis/internal/share/model.go:175.2,182.24 5 0
github.com/krasis/krasis/internal/share/model.go:182.24,186.3 3 0
github.com/krasis/krasis/internal/share/model.go:188.2,188.19 1 0
github.com/krasis/krasis/internal/share/model.go:188.19,192.3 3 0
github.com/krasis/krasis/internal/share/model.go:195.2,197.79 3 0
github.com/krasis/krasis/internal/share/model.go:197.79,199.3 1 0
github.com/krasis/krasis/internal/share/model.go:202.2,222.16 4 0
github.com/krasis/krasis/internal/share/model.go:222.16,224.3 1 0
github.com/krasis/krasis/internal/share/model.go:225.2,228.18 3 0
github.com/krasis/krasis/internal/share/model.go:228.18,244.17 8 0
github.com/krasis/krasis/internal/share/model.go:244.17,246.4 1 0
github.com/krasis/krasis/internal/share/model.go:247.3,248.22 2 0
github.com/krasis/krasis/internal/share/model.go:248.22,250.4 1 0
github.com/krasis/krasis/internal/share/model.go:251.3,251.28 1 0
github.com/krasis/krasis/internal/share/model.go:251.28,254.39 2 0
github.com/krasis/krasis/internal/share/model.go:254.39,256.5 1 0
github.com/krasis/krasis/internal/share/model.go:256.10,258.5 1 0
github.com/krasis/krasis/internal/share/model.go:260.3,260.23 1 0
github.com/krasis/krasis/internal/share/model.go:260.23,262.4 1 0
github.com/krasis/krasis/internal/share/model.go:263.3,263.23 1 0
github.com/krasis/krasis/internal/share/model.go:263.23,265.4 1 0
github.com/krasis/krasis/internal/share/model.go:266.3,266.28 1 0
github.com/krasis/krasis/internal/share/model.go:266.28,268.4 1 0
github.com/krasis/krasis/internal/share/model.go:269.3,269.30 1 0
github.com/krasis/krasis/internal/share/model.go:271.2,271.18 1 0
github.com/krasis/krasis/internal/share/model.go:271.18,273.3 1 0
github.com/krasis/krasis/internal/share/model.go:274.2,274.33 1 0
github.com/krasis/krasis/internal/share/model.go:278.111,309.16 9 0
github.com/krasis/krasis/internal/share/model.go:309.16,311.3 1 0
github.com/krasis/krasis/internal/share/model.go:313.2,314.21 2 0
github.com/krasis/krasis/internal/share/model.go:314.21,316.3 1 0
github.com/krasis/krasis/internal/share/model.go:317.2,317.27 1 0
github.com/krasis/krasis/internal/share/model.go:317.27,319.38 2 0
github.com/krasis/krasis/internal/share/model.go:319.38,321.4 1 0
github.com/krasis/krasis/internal/share/model.go:321.9,323.4 1 0
github.com/krasis/krasis/internal/share/model.go:325.2,325.22 1 0
github.com/krasis/krasis/internal/share/model.go:325.22,327.3 1 0
github.com/krasis/krasis/internal/share/model.go:328.2,328.22 1 0
github.com/krasis/krasis/internal/share/model.go:328.22,330.3 1 0
github.com/krasis/krasis/internal/share/model.go:331.2,331.27 1 0
github.com/krasis/krasis/internal/share/model.go:331.27,333.3 1 0
github.com/krasis/krasis/internal/share/model.go:334.2,334.19 1 0
github.com/krasis/krasis/internal/share/model.go:346.83,357.2 3 0
github.com/krasis/krasis/internal/share/model.go:360.146,365.18 4 0
github.com/krasis/krasis/internal/share/model.go:365.18,369.3 3 0
github.com/krasis/krasis/internal/share/model.go:371.2,375.12 4 0
github.com/krasis/krasis/internal/share/service.go:18.85,23.2 1 0
github.com/krasis/krasis/internal/share/service.go:32.123,34.16 2 0
github.com/krasis/krasis/internal/share/service.go:34.16,36.3 1 0
github.com/krasis/krasis/internal/share/service.go:37.2,37.32 1 0
github.com/krasis/krasis/internal/share/service.go:37.32,39.3 1 0
github.com/krasis/krasis/internal/share/service.go:42.2,43.49 2 0
github.com/krasis/krasis/internal/share/service.go:43.49,45.3 1 0
github.com/krasis/krasis/internal/share/service.go:47.2,48.24 2 0
github.com/krasis/krasis/internal/share/service.go:48.24,50.17 2 0
github.com/krasis/krasis/internal/share/service.go:50.17,52.4 1 0
github.com/krasis/krasis/internal/share/service.go:53.3,53.56 1 0
github.com/krasis/krasis/internal/share/service.go:56.2,57.26 2 0
github.com/krasis/krasis/internal/share/service.go:57.26,59.3 1 0
github.com/krasis/krasis/internal/share/service.go:61.2,73.27 2 0
github.com/krasis/krasis/internal/share/service.go:73.27,75.3 1 0
github.com/krasis/krasis/internal/share/service.go:76.2,76.28 1 0
github.com/krasis/krasis/internal/share/service.go:76.28,78.3 1 0
github.com/krasis/krasis/internal/share/service.go:80.2,80.55 1 0
github.com/krasis/krasis/internal/share/service.go:80.55,82.3 1 0
github.com/krasis/krasis/internal/share/service.go:84.2,84.19 1 0
github.com/krasis/krasis/internal/share/service.go:87.101,89.16 2 0
github.com/krasis/krasis/internal/share/service.go:89.16,91.3 1 0
github.com/krasis/krasis/internal/share/service.go:92.2,92.32 1 0
github.com/krasis/krasis/internal/share/service.go:92.32,94.3 1 0
github.com/krasis/krasis/internal/share/service.go:96.2,96.45 1 0
github.com/krasis/krasis/internal/share/service.go:99.104,101.16 2 0
github.com/krasis/krasis/internal/share/service.go:101.16,103.3 1 0
github.com/krasis/krasis/internal/share/service.go:106.2,106.22 1 0
github.com/krasis/krasis/internal/share/service.go:107.17,108.34 1 0
github.com/krasis/krasis/internal/share/service.go:109.18,110.35 1 0
github.com/krasis/krasis/internal/share/service.go:114.2,114.70 1 0
github.com/krasis/krasis/internal/share/service.go:114.70,116.3 1 0
github.com/krasis/krasis/internal/share/service.go:119.2,119.30 1 0
github.com/krasis/krasis/internal/share/service.go:119.30,120.77 1 0
github.com/krasis/krasis/internal/share/service.go:120.77,122.4 1 0
github.com/krasis/krasis/internal/share/service.go:125.2,126.16 2 0
github.com/krasis/krasis/internal/share/service.go:126.16,128.3 1 0
github.com/krasis/krasis/internal/share/service.go:130.2,130.40 1 0
github.com/krasis/krasis/internal/share/service.go:133.84,135.16 2 0
github.com/krasis/krasis/internal/share/service.go:135.16,137.3 1 0
github.com/krasis/krasis/internal/share/service.go:139.2,140.16 2 0
github.com/krasis/krasis/internal/share/service.go:140.16,142.3 1 0
github.com/krasis/krasis/internal/share/service.go:143.2,143.32 1 0
github.com/krasis/krasis/internal/share/service.go:143.32,145.3 1 0
github.com/krasis/krasis/internal/share/service.go:147.2,147.42 1 0
github.com/krasis/krasis/internal/share/service.go:150.85,152.2 1 0
github.com/krasis/krasis/internal/share/service.go:154.99,156.2 1 0
github.com/krasis/krasis/internal/share/service.go:158.86,160.2 1 0
github.com/krasis/krasis/internal/share/service.go:162.84,164.2 1 0
github.com/krasis/krasis/internal/share/service.go:168.128,170.2 1 0
github.com/krasis/krasis/internal/share/service.go:172.103,174.2 1 0
github.com/krasis/krasis/internal/share/service.go:176.75,178.2 1 0
github.com/krasis/krasis/internal/share/service.go:180.125,182.24 2 0
github.com/krasis/krasis/internal/share/service.go:182.24,184.3 1 0
github.com/krasis/krasis/internal/share/service.go:185.2,185.81 1 0
github.com/krasis/krasis/pkg/response/response.go:23.48,29.2 1 1
github.com/krasis/krasis/pkg/response/response.go:31.87,43.2 1 1
github.com/krasis/krasis/pkg/response/response.go:45.70,51.2 2 1
